-------------------------------------------------------------------------------
Test set: com.doku.koperasitani.KoperasitaniApplicationTests
-------------------------------------------------------------------------------
Tests run: 25, Failures: 1, Errors: 0, Skipped: 0, Time elapsed: 3.798 s <<< FAILURE! - in com.doku.koperasitani.KoperasitaniApplicationTests
TransactionGetAll(com.doku.koperasitani.KoperasitaniApplicationTests)  Time elapsed: 0.012 s  <<< FAILURE!
org.junit.ComparisonFailure: expected:<[1]> but was:<[7]>
	at com.doku.koperasitani.KoperasitaniApplicationTests.TransactionGetAll(KoperasitaniApplicationTests.java:282)

